<?xml version="1.0" encoding="UTF-8"?>
<testng-results ignored="0" total="1" passed="1" failed="0" skipped="0">
  <reporter-output>
  </reporter-output>
  <suite started-at="2022-10-23T14:41:43 PDT" name="Default suite" finished-at="2022-10-23T14:42:23 PDT" duration-ms="39112">
    <groups>
      <group name="cucumber">
        <method signature="AbstractTestNGCucumberTests.feature(cucumber.api.testng.CucumberFeatureWrapper)[pri:0, instance:AmazonRunnerPackage.AmazonRunnerClass@6f46426d]" name="feature" class="cucumber.api.testng.AbstractTestNGCucumberTests"/>
      </group> <!-- cucumber -->
    </groups>
    <test started-at="2022-10-23T14:41:43 PDT" name="Default test" finished-at="2022-10-23T14:42:23 PDT" duration-ms="39112">
      <class name="AmazonRunnerPackage.AmazonRunnerClass">
        <test-method is-config="true" signature="setUpClass()[pri:0, instance:AmazonRunnerPackage.AmazonRunnerClass@6f46426d]" started-at="2022-10-23T14:41:43 PDT" name="setUpClass" finished-at="2022-10-23T14:41:44 PDT" duration-ms="153" status="PASS">
          <reporter-output>
          </reporter-output>
        </test-method> <!-- setUpClass -->
        <test-method signature="feature(cucumber.api.testng.CucumberFeatureWrapper)[pri:0, instance:AmazonRunnerPackage.AmazonRunnerClass@6f46426d]" started-at="2022-10-23T14:41:44 PDT" name="feature" description="Runs Cucumber Feature" data-provider="features" finished-at="2022-10-23T14:42:23 PDT" duration-ms="38835" status="PASS">
          <params>
            <param index="0">
              <value>
                <![CDATA[This is Amazon Search Feature]]>
              </value>
            </param>
          </params>
          <reporter-output>
          </reporter-output>
        </test-method> <!-- feature -->
        <test-method is-config="true" signature="tearDownClass()[pri:0, instance:AmazonRunnerPackage.AmazonRunnerClass@6f46426d]" started-at="2022-10-23T14:42:23 PDT" name="tearDownClass" finished-at="2022-10-23T14:42:23 PDT" duration-ms="19" status="PASS">
          <reporter-output>
          </reporter-output>
        </test-method> <!-- tearDownClass -->
      </class> <!-- AmazonRunnerPackage.AmazonRunnerClass -->
    </test> <!-- Default test -->
  </suite> <!-- Default suite -->
</testng-results>
